<?xml version="1.0" encoding="UTF-8"?>
<!-- Generated by org.testng.reporters.JUnitReportReporter -->
<testsuite hostname="mounika" failures="0" tests="1" name="Apitesting.Api.AppTest" time="6.102" errors="0" timestamp="08 Jan 2022 10:59:41 GMT" skipped="0">
  <testcase classname="Apitesting.Api.AppTest" name="TC_001" time="6.102"/>
</testsuite> <!-- Apitesting.Api.AppTest -->
