<?xml version="1.0" encoding="UTF-8"?>
<!-- Generated by org.testng.reporters.JUnitReportReporter -->
<testsuite hostname="mounika" failures="0" tests="2" name="Apitesting.Api.Api" time="5.166" errors="0" timestamp="10 Jan 2022 10:50:02 GMT" skipped="0">
  <testcase classname="Apitesting.Api.Api" name="TC_001" time="4.152"/>
  <testcase classname="Apitesting.Api.Api" name="TC_002" time="1.014"/>
</testsuite> <!-- Apitesting.Api.Api -->
