<?xml version="1.0" encoding="UTF-8"?>
<!-- Generated by org.testng.reporters.JUnitReportReporter -->
<testsuite hostname="mounika" failures="0" tests="1" name="Apitesting.Api.TempData" time="2.168" errors="0" timestamp="10 Jan 2022 09:54:44 GMT" skipped="0">
  <testcase classname="Apitesting.Api.TempData" name="api" time="2.168"/>
</testsuite> <!-- Apitesting.Api.TempData -->
