<?xml version="1.0" encoding="UTF-8"?>
<!-- Generated by org.testng.reporters.JUnitReportReporter -->
<testsuite hostname="mounika" failures="0" tests="11" name="Apitesting.Api.APItesting" time="4.821" errors="0" timestamp="11 Jan 2022 08:12:28 GMT" skipped="0">
  <testcase classname="Apitesting.Api.APItesting" name="TC_005" time="0.218"/>
  <testcase classname="Apitesting.Api.APItesting" name="TC_007" time="0.193"/>
  <testcase classname="Apitesting.Api.APItesting" name="TC_002" time="0.262"/>
  <testcase classname="Apitesting.Api.APItesting" name="TC_003" time="0.373"/>
  <testcase classname="Apitesting.Api.APItesting" name="TC_004" time="0.209"/>
  <testcase classname="Apitesting.Api.APItesting" name="TC_008" time="0.212"/>
  <testcase classname="Apitesting.Api.APItesting" name="TC_010" time="0.207"/>
  <testcase classname="Apitesting.Api.APItesting" name="TC_006" time="0.215"/>
  <testcase classname="Apitesting.Api.APItesting" name="TC_011" time="0.266"/>
  <testcase classname="Apitesting.Api.APItesting" name="TC_009" time="0.261"/>
  <testcase classname="Apitesting.Api.APItesting" name="TC_001" time="2.405"/>
</testsuite> <!-- Apitesting.Api.APItesting -->
