<?xml version="1.0" encoding="UTF-8"?>
<!-- Generated by org.testng.reporters.JUnitReportReporter -->
<testsuite hostname="mounika" failures="0" tests="1" name="testng.Appointment2" time="114.896" errors="0" timestamp="2021-12-04T15:50:32 IST" skipped="0">
  <testcase classname="testng.Appointment2" name="vendor" time="114.896"/>
  <system-out/>
</testsuite> <!-- testng.Appointment2 -->
