<?xml version="1.0" encoding="UTF-8"?>
<!-- Generated by org.testng.reporters.JUnitReportReporter -->
<testsuite hostname="mounika" failures="0" tests="1" name="testng.telecallerAppointment" time="59.958" errors="0" timestamp="2021-12-06T11:35:30 IST" skipped="0">
  <testcase classname="testng.telecallerAppointment" name="sinupPage" time="59.958"/>
  <system-out/>
</testsuite> <!-- testng.telecallerAppointment -->
