<?xml version="1.0" encoding="UTF-8"?>
<!-- Generated by org.testng.reporters.JUnitReportReporter -->
<testsuite hostname="mounika" failures="0" tests="24" name="YvProjectWeb.YvAndroidApp" time="178.386" errors="0" timestamp="2022-01-08T15:45:04 IST" skipped="0">
  <testcase classname="YvProjectWeb.YvAndroidApp" name="TC_009" time="10.004"/>
  <system-out/>
  <testcase classname="YvProjectWeb.YvAndroidApp" name="TC_008" time="5.065"/>
  <system-out/>
  <testcase classname="YvProjectWeb.YvAndroidApp" name="TC_013" time="6.609"/>
  <system-out/>
  <testcase classname="YvProjectWeb.YvAndroidApp" name="TC_018" time="2.154"/>
  <system-out/>
  <testcase classname="YvProjectWeb.YvAndroidApp" name="TC_019" time="16.036"/>
  <system-out/>
  <testcase classname="YvProjectWeb.YvAndroidApp" name="TC_012" time="19.125"/>
  <system-out/>
  <testcase classname="YvProjectWeb.YvAndroidApp" name="TC_006" time="3.406"/>
  <system-out/>
  <testcase classname="YvProjectWeb.YvAndroidApp" name="TC_007" time="3.893"/>
  <system-out/>
  <testcase classname="YvProjectWeb.YvAndroidApp" name="TC_011" time="12.489"/>
  <system-out/>
  <testcase classname="YvProjectWeb.YvAndroidApp" name="TC_003" time="2.423"/>
  <system-out/>
  <testcase classname="YvProjectWeb.YvAndroidApp" name="TC_024" time="2.929"/>
  <system-out/>
  <testcase classname="YvProjectWeb.YvAndroidApp" name="TC_017" time="4.219"/>
  <system-out/>
  <testcase classname="YvProjectWeb.YvAndroidApp" name="TC_004" time="17.630"/>
  <system-out/>
  <testcase classname="YvProjectWeb.YvAndroidApp" name="TC_005" time="8.035"/>
  <system-out/>
  <testcase classname="YvProjectWeb.YvAndroidApp" name="TC_015" time="3.724"/>
  <system-out/>
  <testcase classname="YvProjectWeb.YvAndroidApp" name="TC_002" time="7.633"/>
  <system-out/>
  <testcase classname="YvProjectWeb.YvAndroidApp" name="TC_001" time="0.664"/>
  <system-out/>
  <testcase classname="YvProjectWeb.YvAndroidApp" name="TC_010" time="1.995"/>
  <system-out/>
  <testcase classname="YvProjectWeb.YvAndroidApp" name="TC_020" time="11.719"/>
  <system-out/>
  <testcase classname="YvProjectWeb.YvAndroidApp" name="TC_021" time="10.046"/>
  <system-out/>
  <testcase classname="YvProjectWeb.YvAndroidApp" name="TC_016" time="4.993"/>
  <system-out/>
  <testcase classname="YvProjectWeb.YvAndroidApp" name="TC_022" time="6.958"/>
  <system-out/>
  <testcase classname="YvProjectWeb.YvAndroidApp" name="TC_014" time="2.051"/>
  <system-out/>
  <testcase classname="YvProjectWeb.YvAndroidApp" name="TC_023" time="14.586"/>
  <system-out/>
</testsuite> <!-- YvProjectWeb.YvAndroidApp -->
