<?xml version="1.0" encoding="UTF-8"?>
<!-- Generated by org.testng.reporters.JUnitReportReporter -->
<testsuite hostname="mounika" failures="0" tests="1" name="NewsappWeb.NewsAppweb1" time="1.794" errors="0" timestamp="2021-12-24T10:37:35 IST" skipped="0">
  <testcase classname="NewsappWeb.NewsAppweb1" name="TC_001" time="1.794"/>
  <system-out/>
</testsuite> <!-- NewsappWeb.NewsAppweb1 -->
